[  0.00000 Linux versi 4.15.0-2-eneric (buildd@lcy01-amd64-024) (gcc version 7.4.0 (Ubuntu 7.4.0-1ubunt1~18.04.1)) #69-Ubuntu SMP Wed Sep 4 20:55:53 UTC 2019 (Ubuntu 4.15.0-62.69-generic 4.15.18)
[    0.000000] Command lie:BOOT_MAGE=/boot/vmlinuz-4.15.0-62-generic root=UUID=a5eb06e2-8eb1-4232-8570-2cc927993946 ro console=tty1 console=ttyS0
[    0.000000] KERNEL supported cpus:
[    0.000000]   Intel GenuineIntel
[    0.000000]   AMD AuthenticAMD
[    0.00000]   Centaur CentaurHauls
[    000000] x86/fpu: Suportig SAVE feature 0x001: 'x87 loating point registers'
   0.00000 x86/fpu: Supporting XSAVE feature 0x002: 'SSE registers'
[    0.000000] x86/fpu: Supporting XSAVE feature 0x004: 'AVX registers'
[    0.0000] x86fp: xstate_offset[2]:  576, xstatesizes[2]:  256
[    0.000000] x6/fpu:Enbled xsttefeatures 0, context size is 832 bytes, using 'standard' format.
[    0.000000] e820: BIOS-provided physical RAM map:
[    0.000000] BIOS-e820: [mem 0x0000000000000000-0x000000000009fff] uabe
[    .00000] IO-e820: [mem 0x00000000000fc0-0x00000000009ffff] reserved
[    0.000000] BIOS-e820: [mem 0x00000000000f0000-0x00000000000fffff] reserved
[    0.000000] BIOS-e820: [mem 0x0000000000100000-0x000000003ffeffff] usable
[    0.000000] BIOS-e820: [mem 0x000000003fff0000-0x000000003fffffff] ACPI data
[    0.000000] BIOS-e820: [mem 0x00000000fec00000-0x000000fec00fff] reserved
[    0.000000] OS-e820: [mem 0x000000fee0000-0x0000000fee00fff rserved
[   0.00000 BIOS-e820: [mm x0000000ffc0000-x0000000ffffff] reserved
[   .000000] NX (ecute Disable) otectio: ctive
[   0.00000] SMIOS 2.5 present.
[    0.0000] DMI: innotek GmbH VirtualBox/VirtalBox, BIOS VirtualBox 12/01/2006
[    0.000000] Hypervisor etected: KVM
[    0.00000 e820: las_pn = 0x3fff0 max_arch_pfn = 0x4000000
[   0000000] MT: Disabled
[    0.000000] x6/AT: MTRsdisabld,skipping PAT initiazation too.
[   0000000] CPU MTRRall blank - rtualized system.
[   .00000]x86/PAT: Configuration [0-7]: WB  WT  UC- UC  WB  WT  UC UC  
[    0.000000] found MPMP-table at [mem0x009fff00x009ffff]
[    0.000000] Scanning 1 areas for low memory corruption
[    0.000000] RAMDISK: [mem 0x35981000-0x36cb7fff]
[    0.000000] ACPI: Early table checksum verification disabled
[    0.000000] ACPI: RSDP 0x00000000000E0000 000024 (v02 VBOX  )
[    0.000000] ACPI: XSDT 0x000000003FFF0030 00003C (v01  VBO  VBOXXSDT 00000001 ASL  00000061)
[    0.000000] ACPI: FACP 0x000000003FFF00F0 0000F4 (v04 VBOX   VBOXFACP 00000001 ASL  00000061)
[    0.000000] ACPI: DSDT 0x000000003FFF0470 0021FF (v02 VBOX   VBOXBIOS 00000002 INTL 20100528)
[    0.000000] ACPI: FACS 0x0000000003FFF0200 000040
[    0.000000] ACPI: FACS 0x000000003FFF0200 000040
[    0.000000] ACPI: APIC 0x000000003FFF0240 00005C (v02 BOX   BOXAPIC 00000001 ASL  00000061)
[    0.000000] ACPI: SSDT 0x000000003FFF02A0 0001CC (v01 VBOX   VBOXCPUT 00000002 INTL 20100528)
[    0.000000] No NUMA configuration found
[    0.000000] Faking a node at [mem 0x0000000000000000-0x000000003ffeffff]
[    0.000000] NODE_DATA(0) allocaed[mem 0x3ffc5000x3ffeffff
    0.00000]kvm-cloc: pu 0, msr 0:f44001,prmary cpu clock
[   0.00000] vm-clock: Using rs 4b564d01 and 464d00
[    0.000000] kvm-clock: using sched offset of 4288772999 cycles
[    0.000000] clocksource: kvm-clock: mask: 0xffffffffffffffff max_cycles: 0x1cd42e4dffb, max_idle_ns: 881590591483 ns
[    0.000000] Zone ranges:
[    0.000000]   DMA      [mem 0x0000000000001000-0x0000000000ffffff]
[    0.000000]   DMMA3   [mem 0x00000001000000-0x0000003ffeff]
[   0000000]  ormal   empty
[    0.000000] Device   empty
[    0.000000] Movable zone start for each node
[    0.000000] Early memory node ranges
[    0.000000]   node   0: [mem 0x0000000000001000-0x000000000009efff]
[    0.000000]   node   0: [mem 0x000000000100000-0x000000003ffeffff]
[    0.00000] Rseved but naailable: 98 pages
[   .000000] Initmem setup noe 0 [mm x0000000000001000-0x00000003ffeffff]
[   .000000] ACPI: P-Tmer IO Pot: 0x4008
[   0.000000] IOAPIC[0]: apic_d 2, verson32, addes 0xfec000, GSI 0-23
[   .000000] ACPI: INT_SRC_OR (bus  bs_irq 0 global_irq  dfl dfl)
[    0.000000] ACPI: INT_SRC_OVR (bus 0 bus_irq 9 global_irq 9 low level)
[    0.000000] Using ACPI (MADT) for SMP configuration information
[    0.000000] smpboot: Allowing 2 CPUs, 0 hotplug CPUs
[    0.000000] PM: Registered nosave memory: [mem 0x00000000-0x00000fff]
[    0.000000] PM: Registered nosave memory: [mem 0x0009f000-0x0009ffff]
[    0.000000] PM: Registered nosave memory: [mem 0x000a0000-0x000effff]
[    0.000000] PM: Registered nosave memory: [mem 0x000f0000-0x000fffff]
[    0.000000] e820: [mem 0x40000000-0xfebfffff] available for PCI devices
[    0.000000]Booting paravirtualized kernel on KVM
[    0.000000] clockouce: refne-jiffies: mas: 0xffffffff max_ccles: 0xffffffff, x_idle_ns: 7645519600211568 ns
[    000000] random: get_random_bytes called from start_kernel+0x99/0x4 with rn_ini=0
[    0.0000] setup_percpu: NR_CPUS:8192 nr_umask_bits:2 r_pu_ids:2 r_ode_ids:1
[    0.000000 percp: mbedded 46 pages/cpu s1512 r8192 d28672 u1048576
[    0.000000] PV qspinlock hash table entries: 256 (order: 0, 4096 bytes)
[    0.000000] Built 1 zonelists, mobility grouping on.  Total pagees: 257913
[    0.000000] Policy zone: DMA32
[    0.000000] Kernel command line: BOOT_IMAGE=/boot/vmlinuz-4.15.0-62-generic root=UUID=a5eb06e2-8eb1-4232-8570-2cc927993946 ro console=ty1 conole=ttyS0
[    0.000000] Memory: 982908K/1048120K available (2300K kernelcode, 2481K rwdata, 4172K rota, 2436K init,2384K bss,6512K reserved 0 cma-reserved)
[   0.00000] SLUBHWalign=64, Order=0-3, MinObjects=0, CPUs=2, Nodes=1
[    0.000000] Kernel/User page tables isoaton: enabled
[    0.000000] ftrace: allocating 39306 entries in 154 pages
[    .04000] Hierarchical RCU implementation.
[    0.004000] 	RCU restricting CPUs from NR_CPUS=8192 to nr_cpu_ids=2.
[    0.004000] 	Tasks RCU enabled.
[    0.004000] RCU: Adjusting geometry for rcu_fanout_leaf=16, nr_cpu_ids=2
[    0.004000] NR_IRQS: 524544, nr_irqs: 440, preallocated irqs: 16
[    0.004000] Console: colour VGA+ 80x25
[    0.004000] console [tty1] enabled
[    0.004000] console [ttyS0] enabled
[    0.004000] ACPI: Core revision 20170831
[    0.004000] ACPI: 2 ACPI AML tables successfully acquired and loaded
[    0.004000] APIC: Switch to symmetric I/O mode setup
[    0.004304] x2apic enabled
[    0.005521] Switched APIC routing to physical x2apic.
[    0.009200] ..TIMER: vector=0x30 apic1=0 pin1=2 apic2=-1 pin2=-1
[    0.012002] tsc: Detected 1899.999 MHz processor
[    0.016013] Calibrating delay loop (skipped) preset value.. 3799.99 BogoMIPS (lpj=7599996)
[    0.020004] pid_max: default: 32768 minimum: 301
[    0.024039] Security Framework initialized
[    0.025426] Yama: becoming mindful.
[    0.026658] AppArmor: AppArmor initialized
[    0.030027] Dentry cache hash table entries: 131072 (order: 8, 1048576 bytes)
[    0.032078] Inode-cache hash table entries: 65536 (order: 7, 524288 bytes)
[    0.036019] Mount-cache hash table entries: 2048 (order: 2, 16384 bytes)
[    0.040009] Mountpoint-cache hash table entries: 2048 (order: 2, 16384 bytes)
[    0.044276] Last level iTLB entries: 4KB 1024, 2MB 1024, 4MB 1024
[    0.046292] Last level dTLB entries: 4KB 1024, 2MB 1024, 4MB 1024, 1GB 4
[    0.048004] Spectre V1 : Mitigation: usercopy/swapgs barriers and __user pointer sanitization
[    0.052003] Spectre V2 : Mitigation: Full generic retpoline
[    0.056002] Spectre V2 : Spectre v2 / SpectreRSB mitigation: Filling RSB on context switch
[    0.058690] Speculative Store Bypass: Vulnerable
[    0.060057] MDS: Vulnerable: Clear CPU buffers attempted, no microcode
[    0.064202] Freeing SMP alternatives memory: 36K
[    0.072000] smpboot: CPU0: Intel(R) Core(TM) i5-4250U CPU @ 1.30GHz (family: 0x6, model: 0x45, stepping: 0x1)
[    0.072000] Performance Events: unsupported p6 CPU model 69 no PMU driver, software events only.
[    0.072057] Hierarchical SRCU implementation.
[    0.076665] NMI watchdog: Perf event create on CPU 0 failed with -2
[    0.080004] NMI watchdog: Perf NMI watchdog permanently disabled
[    0.084073] smp: Bringing up secondary CPUs ...
[    0.088101] x86: Booting SMP configuration:
[    0.089507] .... node  #0, CPUs:      #1
[    0.004000] kvm-clock: cpu 1, msr 0:3ff44041, secondary cpu clock
[    0.095435] smp: Brought up 1 node, 2 CPUs
[    0.096007] smpboot: Max logical packages: 1
[    0.097428] smpboot: Total of 2 processors activated (7599.99 BogoMIPS)
[    0.100171] devtmpfs: initialized
[    0.104062] x86/mm: Memory block size: 128MB
[    0.105659] evm: security.selinux
[    0.108004] evm: security.SMACK64
[    0.109146] evm: security.SMACK64EXEC
[    0.112003] evm: security.SMACK64TRANSMUTE
[    0.116003] evm: security.SMACK64MMAP
[    0.117247] evm: security.apparmor
[    0.118404] evm: security.ima
[    0.120003] evm: security.capability
[    0.121270] clocksource: jiffies: mask: 0xffffffff max_cycles: 0xffffffff, max_idle_ns: 7645041785100000 ns
[    0.124023] futex hash table entries: 512 (order: 3, 32768 bytes)
[    0.130268] pinctrl core: initialized pinctrl subsystem
[    0.132163] RTC time:  2:20:03, date: 09/12/19
[    0.136325] NET: Registered protocol family 16
[    0.140099] audit: initializing netlink subsys (disabled)
[    0.142161] audit: type=2000 audit(1568254801.628:1): state=initialized audit_enabled=0 res=1
[    0.160015] cpuidle: using governor ladder
[    0.161661] cpuidle: using governor menu
[    0.163238] ACPI: bus type PCI registered
[    0.164006] acpiphp: ACPI Hot Plug PCI Controller Driver version: 0.5
[    0.166646] PCI: Using configuration type 1 for base access
[    0.169282] HugeTLB registered 2.00 MiB page size, pre-allocated 0 pages
[    0.172278] ACPI: Added _OSI(Module Device)
[    0.176012] ACPI: Added _OSI(Processor Device)
[    0.177952] ACPI: Added _OSI(3.0 _SCP Extensions)
[    0.180145] ACPI: Added _OSI(Processor Aggregator Device)
[    0.184010] ACPI: Added _OSI(Linux-Dell-Video)
[    0.188007] ACPI: Added _OSI(Linux-Lenovo-NV-HDMI-Audio)
[    0.192008] ACPI: Added _OSI(Linux-HPI-Hybrid-Graphics)
[    0.201139] ACPI: Executed 1 blocks of module-level executable AML code
[    0.227873] ACPI: Interpreter enabled
[    0.228028] ACPI: (supports S0 S5)
[    0.232007] ACPI: Using IOAPIC for interrupt routing
[    0.237110] PCI: Using host bridge windows from ACPI; if necessary, use "pci=nocrs" and report a bug
[    0.240262] ACPI: Enabled 2 GPEs in block 00 to 07
[    0.255589] ACPI: PCI Root Bridge [PCI0] (domain 0000 [bus 00-ff])
[    0.256026] acpi PNP0A03:00: _OSC: OS supports [ASPM ClockPM Segments MSI]
[    0.260043] acpi PNP0A03:00: _OSC: not requesting OS control; OS requires [ExtendedConfig ASPM ClockPM MSI]
[    0.264019] acpi PNP0A03:00: fail to add MMCONFIG information, can't access extended PCI configuration space under this bridge.
[    0.268574] PCI host bridge to bus 0000:00
[    0.272006] pci_bus 0000:00: root bus resource [io  0x0000-0x0cf7 window]
[    0.276006] pci_bus 0000:00: root bus resource [io  0x0d00-0xffff window]
[    0.280017] pci_bus 0000:00: root bus resource [mem 0x000a0000-0x000bffff window]
[    0.284007] pci_bus 0000:00: root bus resource [mem 0x40000000-0xfdffffff window]
[    0.288023] pci_bus 0000:00: root bus resource [bus 00-ff]
[    0.300630] pci 0000:00:01.1: legacy IDE quirk: reg 0x10: [io  0x01f0-0x01f7]
[    0.304005] pci 0000:00:01.1: legacy IDE quirk: reg 0x14: [io  0x03f6]
[    0.308005] pci 0000:00:01.1: legacy IDE quirk: reg 0x18: [io  0x0170-0x0177]
[    0.312005] pci 0000:00:01.1: legacy IDE quirk: reg 0x1c: [io  0x0376]
[    0.344507] pci 0000:00:07.0: quirk: [io  0x4000-0x403f] claimed by PIIX4 ACPI
[    0.348025] pci 0000:00:07.0: quirk: [io  0x4100-0x410f] claimed by PIIX4 SMB
[    0.371211] ACPI: PCI Interrupt Link [LNKA] (IRQs 5 9 10 *11)
[    0.372449] ACPI: PCI Interrupt Link [LNKB] (IRQs 5 9 *10 11)
[    0.380129] ACPI: PCI Interrupt Link [LNKC] (IRQs 5 *9 10 11)
[    0.384244] ACPI: PCI Interrupt Link [LNKD] (IRQs 5 9 10 *11)
[    0.392050] SCSI subsystem initialized
[    0.396088] pci 0000:00:02.0: vgaarb: setting as boot VGA device
[    0.400000] pci 0000:00:02.0: vgaarb: VGA device added: decodes=io+mem,owns=io+mem,locks=none
[    0.400009] pci 0000:00:02.0: vgaarb: bridge control possible
[    0.404004] vgaarb: loaded
[    0.408051] ACPI: bus type USB registered
[    0.412032] usbcore: registered new interface driver usbfs
[    0.416026] usbcore: registered new interface driver hub
[    0.420047] usbcore: registered new device driver usb
[    0.424108] EDAC MC: Ver: 3.0.0
[    0.425743] PCI: Using ACPI for IRQ routing
[    0.428497] NetLabel: Initializing
[    0.429825] NetLabel:  domain hash size = 128
[    0.431655] NetLabel:  protocols = UNLABELED CIPSOv4 CALIPSO
[    0.432035] NetLabel:  unlabeled traffic allowed by default
[    0.434106] clocksource: Switched to clocksource kvm-clock
[    0.4301 VS:Dik uoasdqot6..0
[   0.836856] VFS: Dquot-cache hash table entries: 512 (order 0, 4096 bytes)
[    0.864518] AppArmor: AppArmor Filesystem Enabled
[    0.866132] pnp: PnP ACPI init
[   .8912]pn: PnPACI: found 3 devices
[   11165] loksure:aci_m:mask: 0xffff mx_yces 0xffffff, max_idle_ns: 2085701024 ns
[    1.597069] NET: Registered protocol family 2

[    1.601000] TCP established hash table entries: 8192 (order: 4, 65536 bytes)
[    1.603078] TCP bind hash table entries: 8192 (order: 5, 131072 bytes)
[    1.605249] TCP: Hash tables configured (established 8192 bind 8192)
[    1.607570] UDP hash table entries: 512 (order: 2, 16384 bytes)
[    1.609627] UDP-Lite hash table entries: 512 (order:  16384 bytes)
[   1.0663 NT:Reiserd roocl amly1
[    2.116774] pci 0000:00:0.: Limiting direct PCI/PCI transfers
[   2.7962] pi 0000:00:01.0: Activating ISA DMA hang workarounds
[    2.341631] pc 0000:00:0.0: Vieodeic wth shadowed ROMt me 000c000-0x000dffff]
[    2.746736] Unpcking initramfs...

[    3.176160] Freeing initrd memory: 19676K
[    3.228930] clocksource: tsc: mask: 0xffffffffffffffff max_cycles: 0x36c6563e7a6, max_idle_ns: 881590602333 ns
[    3.324893] platform rtc_cmos: registered platform RTC device (no PNP device found)
[    3.389188] Scanning for low memory corruption every 60 seconds
[    3.440859] Initialise system trusted keyrings
[    3.465884] Key type blacklist registered
[    3.489088] workingset: timestamp_bits=36 max_order=18 bucket_order=0
[    3.541512] zbud: loaded
[    3.560429] squashfs: version 4.0 (2009/01/31) Phillip Lougher
[    3.601045] fuse init (API version 7.26)
[    3.643419] Key type asymmetric registered
[    3.644843] Asymmetric key parser 'x509' registered
[    3.646359] Block layer SCSI generic (bsg) driver version 0.4 loaded (major 246)
[    3.648789] io scheduler noop registered
[    3.650010] io scheduler deadline registered
[    3.651344] io scheduler cfq registered (default)
[    3.653495] ACPI: AC Adapter [AC] (on-line)
[    3.654860] input: Power Button as /devices/LNXSYSTM:00/LNXPWRBN:00/input/input0
[    3.675083] ACPI: Power Button [PWRF]
[    3.700437] input: Sleep Button as /devices/LNXSYSTM:00/LNXSLPBN:00/input/input1
[    3.756542] ACPI: Sleep Button [SLPF]
[    3.777131] Serial: 8250/16550 driver, 32 ports, IRQ sharing enabled
[    3.779172] ACPI: Battery Slot [BAT0] (battery present)
[    3.805463] 00:02: ttyS0 at I/O 0x3f8 (irq = 4, base_baud = 115200) is a 16550A
[    3.891980] Linux agpgart interface v0.103
[    3.909605] loop: module loaded
[    3.914571] scsi host0: ata_piix
[    3.916216] scsi host1: ata_piix
[    3.917635] ata1: PATA max UDMA/33 cmd 0x1f0 ctl 0x3f6 bmdma 0xd000 irq 14
[    3.920202] ata2: PATA max UDMA/33 cmd 0x170 ctl 0x376 bmdma 0xd008 irq 15
[    3.923497] libphy: Fixed MDIO Bus: probed
[    3.929349] tun: Universal TUN/TAP device driver, 1.6
[    3.931288] PPP generic driver version 2.4.2
[    3.933065] ehci_hcd: USB 2.0 'Enhanced' Host Controller (EHCI) Driver
[    3.941921] ehci-pci: EHCI PCI platform driver
[    3.944007] ehci-platform: EHCI generic platform driver
[    3.957943] ohci_hcd: USB 1.1 'Open' Host Controller (OHCI) Driver
[    3.990123] ohci-pci: OHCI PCI platform driver
[    4.005347] ohci-platform: OHCI generic platform driver
[    4.054231] uhci_hcd: USB Universal Host Controller Interface driver
[    4.102830] i8042: PNP: PS/2 Controller [PNP0303:PS2K,PNP0f03:PS2M] at 0x60,0x64 irq 1,12
[    4.173394] serio: i8042 KBD port at 0x60,0x64 irq 1
[    4.230201] serio: i8042 AUX port at 0x60,0x64 irq 12
[    4.2764] mousedev: PS/2 mouse device common for all mice
[    4.389161] rtc_cmos rtc_cmos: rtc core: registered rtc_cmos as rtc0
[    4.425573] rtc_cmos rtc_cmos: alarms up to one day, 114 bytes nvram
[    4.477868] i2c /dev entries driver
[    4.496489] input: AT Translated Set 2 keyboard as /devices/platform/i8042/serio0/input/input2
[    4.500189] device-mapper: uevent: version 1.0.3
[    4.627872] device-mapper: ioctl: 4.37.0-ioctl (2017-09-20) initialised: dm-devel@redhat.com
[    4.710236] ledtrig-cpu: registered to indicate activity on CPUs
[    4.767947] NET: Registered protocol family 10
[    4.808062] Segment Routing with IPv6
[    4.822073] NET: Registered protocol family 17
[    4.830133] Key type dns_resolver registered
[    4.869114] mce: Using 0 MCE banks
[    4.919918] RAS: Correctable Errors collector initialized.
[    4.970212] sched_clock: Marking stable (4970187434, 0)->(14232750827, -9262563393)
[    5.040995] registered taskstats version 1
[    5.060291] Loading compiled-in X.509 certificates
[    5.065943] Loaded X.509 cert 'Build time autogenerated kernel key: ff1b14b29a8b0fad041e56b58c2af39eda0766ce'
[    5.069708] zswap: loaded using pool lzo/zbud
[    5.080166] Key type big_key registered
[    5.081698] Key type trusted registered
[    5.086281] Key type encrypted registered
[    5.089080] AppArmor: AppArmor sha1 policy hashing enabled
[    5.091151] ima: No TPM chip found, activating TPM-bypass! (rc=-19)
[    5.093540] ima: Allocated hash algorithm: sha1
[    5.102688] evm: HMAC attrs: 0x1
[    5.104492]   Magic number: 3:400:308
[    5.106144] tty tty37: hash matches
[    5.107775] rtc_cmos rtc_cmos: setting system clock to 2019-09-12 02:20:09 UTC (1568254809)
[    5.120190] BIOS EDD facility v0.16 2004-Jun-25, 0 devices found
[    5.128260] EDD information not available.
[    5.138514] Freeing unused kernel image memory: 2436K
[    5.160148] Write protecting the kernel read-only data: 20480k
[    5.169181] Freeing unused kernel image memory: 2008K
[    5.175601] Freeing unused kernel image memory: 1972K
[    5.198250] x86/mm: Checked W+X mappings: passed, no W+X pages found.
[    5.213260] x86/mm: Checking user space page tables
[    5.221716] x86/mm: Checked W+X mappings: passed, no W+X pages found.
Loading, please wait...
starting version 237
[    5.429843] e1000: Intel(R) PRO/1000 Network Driver - version 7.3.21-k8-NAPI
[    5.434179] e1000: Copyright (c) 1999-2006 Intel Corporation.
[    5.448149] Fusion MPT base driver 3.04.20
[    5.468054] Copyright (c) 1999-2008 LSI Corporation
[    5.488000] Fusion MPT SPI Host driver 3.04.20
[    5.501172] AVX2 version of gcm_enc/dec engaged.
[    5.506615] AES CTR mode by8 optimization enabled
[    5.689241] input: ImExPS/2 Generic Explorer Mouse as /devices/platform/i8042/serio1/input/input4
[    5.894600] e1000 0000:00:03.0 eth0: (PCI:33MHz:32-bit) 02:26:45:5c:bc:af
[    7.200670] e1000 0000:00:03.0 eth0: Intel(R) PRO/1000 Network Connection
[    7.924186] e1000 0000:00:08.0 eth1: (PCI:33MHz:32-bit) 08:00:27:cd:e6:ad
[    8.927272] e1000 0000:00:08.0 eth1: Intel(R) PRO/1000 Network Connection
[    9.446372] e1000 0000:00:08.0 enp0s8: renamed from eth1
[    9.448211] mptbase: ioc0: Initiating bringup
[    9.513071] e1000 0000:00:03.0 enp0s3: renamed from eth0
[    9.640149] ioc0: LSI53C1030 A0: Capabilities={Initiator}
[   11.003908] scsi host2: ioc0: LSI53C1030 A0, FwRev=00000000h, Ports=1, MaxQ=256, IRQ=20
[   11.914717] scsi 2:0:0:0: Direct-Access     VBOX     HARDDISK         1.0  PQ: 0 ANSI: 5
[   12.052069] scsi target2:0:0: Beginning Domain Validation
[   12.070201] scsi target2:0:0: Domain Validation skipping write tests
[   12.077747] scsi target2:0:0: Ending Domain Validation
[   12.083336] scsi target2:0:0: asynchronous
[   12.090208] scsi 2:0:1:0: Direct-Access     VBOX     HARDDISK         1.0  PQ: 0 ANSI: 5
[   12.128113] scsi target2:0:1: Beginning Domain Validation
[   12.137748] random: fast init done
[   12.433706] scsi target2:0:1: Domain Validation skipping write tests
[   12.579981] scsi target2:0:1: Ending Domain Validation
[   12.598332] scsi target2:0:1: asynchronous
[   12.655067] random: systemd-udevd: uninitialized urandom read (16 bytes read)
[   12.655151] sd 2:0:0:0: Attached scsi generic sg0 type 0
[   12.657429] random: systemd-udevd: uninitialized urandom read (16 bytes read)
[   12.659734] sd 2:0:1:0: Attached scsi generic sg1 type 0
[   12.662076] random: systemd-udevd: uninitialized urandom read (16 bytes read)
[   12.701875] sd 2:0:0:0: [sda] 20971520 512-byte logical blocks: (10.7 GB/10.0 GiB)
[   12.737592] sd 2:0:0:0: [sda] Write Protect is off
[   12.770049] sd 2:0:1:0: [sdb] 20480 512-byte logical blocks: (10.5 MB/10.0 MiB)
[   12.777140] sd 2:0:0:0: [sda] Incomplete mode parameter data
[   13.441776] sd 2:0:0:0: [sda] Assuming drive cache: write through
[   13.960857] sd 2:0:1:0: [sdb] Write Protect is off
[   14.061027] sd 2:0:1:0: [sdb] Incomplete mode parameter data
[   14.069196]  sda: sda1
[   14.070324] sd 2:0:1:0: [sdb] Assuming drive cache: write through
[   14.123019] sd 2:0:0:0: [sda] Attached SCSI disk
[   14.163035] sd 2:0:1:0: [sdb] Attached SCSI disk
Begin: Loading essential drivers ... [   15.828301] raid6: sse2x1   gen()  8620 MB/s
[   15.904601] raid6: sse2x1   xor()  6070 MB/s
[   15.984586] raid6: sse2x2   gen() 10232 MB/s
[   16.060242] raid6: sse2x2   xor()  6534 MB/s
[   16.136149] raid6: sse2x4   gen() 11670 MB/s
[   16.204026] raid6: sse2x4   xor()  7585 MB/s
[   16.276293] raid6: avx2x1   gen() 16749 MB/s
[   16.360307] raid6: avx2x1   xor() 11374 MB/s
[   16.424322] raid6: avx2x2   gen() 19078 MB/s
[   16.504571] raid6: avx2x2   xor() 11919 MB/s
[   16.580073] raid6: avx2x4   gen() 21468 MB/s
[   16.652202] raid6: avx2x4   xor() 13877 MB/s
[   16.663076] raid6: using algorithm avx2x4 gen() 21468 MB/s
[   16.664991] raid6: .... xor() 13877 MB/s, rmw enabled
[   16.666503] raid6: using avx2x2 recovery algorithm
[   16.670605] xor: automatically using best checksumming function   avx       
[   16.675620] async_tx: api initialized (async)
done.
Begin: Running /scripts/init-premount ... done.
Begin: Mounting root file system ... Begin: Running /scripts/local-top ... done.
Begin: Running /scripts/local-premount ... [   16.794421] Btrfs loaded, crc32c=crc32c-intel
Scanning for Btrfs filesystems
done.
Warning: fsck no[   16.861728] EXT4-fs (sda1): mounted filesystem with ordered data mode. Opts: (null)
t present, so skipping root file system
done.
Begin: Running /scripts/local-bottom ... done.
Begin: Running /scripts/init-bottom ... done.
[   17.262057] ip_tables: (C) 2000-2006 Netfilter Core Team
[   17.373880] systemd[1]: systemd 237 running in system mode. (+PAM +AUDIT +SELINUX +IMA +APPARMOR +SMACK +SYSVINIT +UTMP +LIBCRYPTSETUP +GCRYPT +GNUTLS +ACL +XZ +LZ4 +SECCOMP +BLKID +ELFUTILS +KMOD -IDN2 +IDN -PCRE2 default-hierarchy=hybrid)
[   17.443473] systemd[1]: Detected virtualization oracle.
[   17.445264] systemd[1]: Detected architecture x86-64.

Welcome to [1mUbuntu 18.04.2 LTS[0m!

[   17.461484] systemd[1]: Set hostname to <ubuntu-bionic>.
[   18.055020] systemd[1]: Reached target System Time Synchronized.
[[0;32m  OK  [0m] Reached target System Time Synchronized.
[   18.098310] systemd[1]: Created slice System Slice.
[[0;32m  OK  [0m] Created slice System Slice.
[   18.220623] systemd[1]: Listening on Journal Socket (/dev/log).
[[0;32m  OK  [0m] Listening on Journal Socket (/dev/log).
[   18.316924] systemd[1]: Listening on udev Control Socket.
[[0;32m  OK  [0m] Listening on udev Control Socket.
[   18.408984] systemd[1]: Listening on udev Kernel Socket.
[[0;32m  OK  [0m] Listening on udev Kernel Socket.
[   18.521506] systemd[1]: Started Forward Password Requests to Wall Directory Watch.
[[0;32m  OK  [0m] Started Forward Password Requests to Wall Directory Watch.
[[0;32m  OK  [0m] Reached target Swap.
[[0;32m  OK  [0m] Created slice User and Session Slice.
[[0;32m  OK  [0m] Set up automount Arbitrary Executab…rmats File System Automount Point.
[[0;32m  OK  [0m] Listening on LVM2 metadata daemon socket.
[[0;32m  OK  [0m] Listening on Device-mapper event daemon FIFOs.
[[0;32m  OK  [0m] Listening on Network Service Netlink Socket.
[[0;32m  OK  [0m] Listening on Journal Socket.
         Starting udev Coldplug all Devices...
         Mounting Huge Pages File System...
         Starting Set the console keyboard layout...
         Starting Uncomplicated firewall...
         Mounting Kernel Debug File System...
         Starting Monitoring of LVM2 mirrors…ng dmeventd or progress polling...
[[0;32m  OK  [0m] Reached target User and Group Name Lookups.
[[0;32m  OK  [0m] Listening on LVM2 poll daemon socket.
         Mounting POSIX Message Queue File System...
         Starting Create list of required st…ce nodes for the current kernel...
[[0;32m  OK  [0m] Listening on /dev/initctl Compatibility Named Pipe.
[[0;32m  OK  [0m] Created slice system-serial\x2dgetty.slice.
         Starting Remount Root and Kernel File Systems...
[[0;32m  OK  [0m] Listening on Syslog Socket.
[[0;32m  OK  [0m] Listening on Journal Audit Socket.
[   19.068580] EXT4-fs (sda1): re-mounted. Opts: (null)
         Starting Journal Service...
[[0;32m  OK  [0m] Reached target Slices.
         Starting Load Kernel Modules...
[[0;32m  OK  [0m] Mounted Huge Pages File System.
[[0;32m  OK  [0m] [   19.160144] Loading iSCSI transport class v2.0-870.
Started Uncomplicated firewall.
[[0;32m  OK  [0m] Mounted Kernel Debug File System.
[[0;32m  OK  [0m] Mounted POSIX Message Queue File System.
[[0;32m  OK  [0[   19.184147] iscsi: registered transport (tcp)
m] Started Create list of required sta…vice nodes for the curr[   19.297045] iscsi: registered transport (iser)
ent kernel.
[[0;32m  OK  [0m] Started Journal Service.
[[0;32m  OK  [0m] Started Set the console keyboard layout.
[[0;32m  OK  [0m] Started Remount Root and Kernel File Systems.
[[0;32m  OK  [0m] Started Load Kernel Modules.
[[0;32m  OK  [0m] Started udev Coldplug all Devices.
[[0;32m  OK  [0m] Started LVM2 metadata daemon.
         Mounting FUSE Control File System...
         Mounting Kernel Configuration File System...
         Starting Apply Kernel Variables...
         Starting Load/Save Random Seed...
         Starting Flush Journal to Persistent Storage...
         Starting Create Static Device Nodes in /dev...
[[0;32m  OK  [0m] Started Monitoring of LVM2 mirrors,…sing dmeventd or progress polling.
[[0;32m  OK  [0m] Mounted FUSE Control File System.
[[0;32m  OK  [0m] Mounted Kernel Configuration File System.
[[0;32m  OK  [0m] Started Apply Kernel Variables.
[[0;32m  OK  [0m] Started Load/Save Random Seed.
[[0;32m  OK  [0m] Started Create Static Device Nodes in /dev.
         Starting udev Kernel Device Manager...
[[0;32m  OK  [0m] Reached target Local File Systems (Pre).
[[0;32m  OK  [0m] Reached target Local File Systems.
         Starting AppArmor initialization...
         Starting Set console font and keymap...
         Starting Tell Plymouth To Write Out Runtime Data...
         Starting ebtables ruleset management...
[[0;32m  OK  [0m] Started Set console font and keymap.
[[0;32m  OK  [0m] Started udev Kernel Device Manager.
[[0;32m  OK  [0m] Started Dispatch Password Requests to Console Directory Watch.
[[0;32m  OK  [0m] Reached target Local Encrypted Volumes.
[[0;32m  OK  [0m] Started Tell Plymouth To Write Out Runtime Data.
[[0;32m  OK  [0m] Started ebtables ruleset management.
[[0;32m  OK  [0m] Started Flush Journal to Persistent Storage.
         Starting Create Volatile Files and Directories...
[[0;32m  OK  [0m] Found device /dev/ttyS0.
[[0;32m  OK  [0m] Started Create Volatile Files and Directories.
         Starting Update UTMP about System Boot/Shutdown...
[[0;32m  OK  [0m] Listening on Load/Save RF Kill Switch Status /dev/rfkill Watch.
[[0;32m  OK  [0m] Started Update UTMP about System Boot/Shutdown.
[[0;32m  OK  [0m] Started AppArmor initialization.
         Starting Initial cloud-init job (pre-networking)...
[   22.675980] cloud-init[541]: Cloud-init v. 19.1-1-gbaa47854-0ubuntu1~18.04.1 running 'init-local' at Thu, 12 Sep 2019 02:20:26 +0000. Up 22.34 seconds.
[[0;32m  OK  [0m] Started Initial cloud-init job (pre-networking).
[[0;32m  OK  [0m] Reached target Network (Pre).
         Starting Network Service...
[[0;32m  OK  [0m] Started Network Service.
         Starting Network Name Resolution...
         Starting Wait for Network to be Configured...
[[0;32m  OK  [0m] Started Network Name Resolution.
[[0;32m  OK  [0m] Reached target Network.
[[0;32m  OK  [0m] Reached target Host and Network Name Lookups.
[[0;32m  OK  [0m] Started Wait for Network to be Configured.
         Starting Initial cloud-init job (metadata service crawler)...
[   26.544069] cloud-init[686]: Cloud-init v. 19.1-1-gbaa47854-0ubuntu1~18.04.1 running 'init' at Thu, 12 Sep 2019 02:20:30 +0000. Up 26.04 seconds.
[   26.596419] cloud-init[686]: ci-info: ++++++++++++++++++++++++++++++++++++++Net device info+++++++++++++++++++++++++++++++++++++++
[   26.636646] cloud-init[686]: ci-info: +--------+------+-----------------------------+---------------+--------+-------------------+
[   26.676409] cloud-init[686]: ci-info: | Device |  Up  |           Address           |      Mask     | Scope  |     Hw-Address    |
[   26.728540] cloud-init[686]: ci-info: +--------+------+-----------------------------+---------------+--------+-------------------+
[   26.733747] cloud-init[686]: ci-info: | enp0s3 | True |          10.0.2.15          | 255.255.255.0 | global | 02:26:45:5c:bc:af |
[   26.750837] cloud-init[686]: ci-info: | enp0s3 | True |  fe80::26:45ff:fe5c:bcaf/64 |       .       |  link  | 02:26:45:5c:bc:af |
[   26.757036] cloud-init[686]: ci-info: | enp0s8 | True |        192.168.33.10        | 255.255.255.0 | global | 08:00:27:cd:e6:ad |
[   26.765996] cloud-init[686]: ci-info: | enp0s8 | True | fe80::a00:27ff:fecd:e6ad/64 |       .       |  link  | 08:00:27:cd:e6:ad |
[   26.796525] cloud-init[686]: ci-info: |   lo   | True |          127.0.0.1          |   255.0.0.0   |  host  |         .         |
[   26.836567] cloud-init[686]: ci-info: |   lo   | True |           ::1/128           |       .       |  host  |         .         |
[   26.852659] cloud-init[686]: ci-info: +--------+------+-----------------------------+---------------+--------+-------------------+
[   26.873377] cloud-init[686]: ci-info: +++++++++++++++++++++++++++++Route IPv4 info+++++++++++++++++++++++++++++
[   26.900556] cloud-init[686]: ci-info: +-------+--------------+----------+-----------------+-----------+-------+
[   26.906512] cloud-init[686]: ci-info: | Route | Destination  | Gateway  |     Genmask     | Interface | Flags |
[   26.967190] cloud-init[686]: ci-info: +-------+--------------+----------+-----------------+-----------+-------+
[   26.979516] cloud-init[686]: ci-info: |   0   |   0.0.0.0    | 10.0.2.2 |     0.0.0.0     |   enp0s3  |   UG  |
[   27.000876] cloud-init[686]: ci-info: |   1   |   10.0.2.0   | 0.0.0.0  |  255.255.255.0  |   enp0s3  |   U   |
[   27.023385] cloud-init[686]: ci-info: |   2   |   10.0.2.2   | 0.0.0.0  | 255.255.255.255 |   enp0s3  |   UH  |
[   27.035138] cloud-init[686]: ci-info: |   3   | 192.168.33.0 | 0.0.0.0  |  255.255.255.0  |   enp0s8  |   U   |
[   27.050881] cloud-init[686]: ci-info: +-------+--------------+----------+-----------------+-----------+-------+
[[0;32m  OK  [0m] Started Initial cloud-init job (metadata service crawler).
[[0;32m  OK  [0m] Reached target Network is Online.
[   27.086338] cloud-init[686]: ci-info: +++++++++++++++++++Route IPv6 info+++++++++++++++++++
[   27.196948] cloud-init[686]: ci-info: +-------+-------------+---------+-----------+-------+
[   27.224762] cloud-init[686]: ci-info: | Route | Destination | Gateway | Interface | Flags |
[   27.247723] cloud-init[686]: ci-info: +-------+-------------+---------+-----------+-------+
[[0;32m  OK  [0m] Reached target Remote File Systems (Pre).
[[0;32m  OK  [0m] Reached target Remote File Systems.
[   27.289684] cloud-init[686]: ci-info: |   1   |  fe80::/64  |    ::   |   enp0s8  |   U   |
         Starting Availability of block devices...
[   27.354089] cloud-init[686]: ci-info: |   2   |  fe80::/64  |    ::   |   enp0s3  |   U   |
[   27.428848] cloud-init[686]: ci-info: |   4   |    local    |    ::   |   enp0s3  |   U   |
[[0;32m  OK  [0m] Reached target System Initialization.
[   27.429199] cloud-init[686]: ci-info: |   5   |    local    |    ::   |   enp0s8  |   U   |
[[0;32m  OK  [0m] Started Daily apt download activities.
[   27.493573] cloud-init[686]: ci-info: |   6   |   ff00::/8  |    ::   |   enp0s8  |   U   |
[[   27.528477] cloud-init[686]: ci-info: |   7   |   ff00::/8  |    ::   |   enp0s3  |   U   |
[0;32m  OK  [0m] Listening on UUID daemon activation socket.
[   27.528842] cloud-init[686]: ci-info: +-------+-------------+---------+-----------+-------+
[[0;32m  OK  [0m] Started ACPI Events Check.
[[0;32m  OK  [0m] Started Message of the Day.
[[0;32m  OK  [0m] Reached target Paths.
         Starting LXD - unix socket.
[[0;32m  OK  [0m] Started Daily Cleanup of Temporary Directories.
[[0;32m  OK  [0m] Listening on Open-iSCSI iscsid Socket.
         Starting Socket activation for snappy daemon.
[[0;32m  OK  [0m] Started Discard unused blocks once a week.
[[0;32m  OK  [0m] Listening on D-Bus System Message Bus Socket.
[[0;32m  OK  [0m] Listening on ACPID Listen Socket.
[[0;32m  OK  [0m] Started Daily apt upgrade and clean activities.
[[0;32m  OK  [0m] Reached target Timers.
[[0;32m  OK  [0m] Reached target Cloud-config availability.
[[0;32m  OK  [0m] Started Availability of block devices.
[[0;32m  OK  [0m] Listening on LXD - unix socket.
[[0;32m  OK  [0m] Listening on Socket activation for snappy daemon.
[[0;32m  OK  [0m] Reached target Sockets.
[[0;32m  OK  [0m] Reached target Basic System.
         Starting Permit User Sessions...
         Starting LSB: automatic crash report generation...
[[0;32m  OK  [0m] Started Deferred execution scheduler.
[[0;32m  OK  [0m] Started Regular background program processing daemon.
[[0;32m  OK  [0m] Started irqbalance daemon.
[[0;32m  OK  [0m] Started FUSE filesystem for LXC.
         Starting Dispatcher daemon for systemd-networkd...
[[0;32m  OK  [0m] Started D-Bus System Message Bus.
         Starting Login Service...
         Starting Snappy daemon...
         Starting LSB: Record successful boot for GRUB...
         Starting vboxadd.service...
         Starting Accounts Service...
         Starting System Logging Service...
         Starting OpenBSD Secure Shell server...
         Starting LXD - container startup/shutdown...
[[0;32m  OK  [0m] Started System Logging Service.
[[0;32m  OK  [0m] Started Permit User Sessions.
         Starting Hold until boot process finishes up...
         Starting Terminate Plymouth Boot Screen...
[[0;32m  OK  [0m] Started Hold until boot process finishes up.
         Starting Set console scheme...
[[0;32m  OK  [0m] Started Serial Getty on ttyS0.
[[0;32m  OK  [0m] Started Terminate Plymouth Boot Screen.
[[0;32m  OK  [0m] Started Login Service.
[[0;32m  OK  [0m] Started Unattended Upgrades Shutdown.
[[0;32m  OK  [0m] Started Set console scheme.
[[0;32m  OK  [0m] Created slice system-getty.slice.
[[0;32m  OK  [0m] Started Getty on tty1.
[[0;32m  OK  [0m] Reached target Login Prompts.
         Starting Authorization Manager...
[[0;32m  OK  [0m] Started LSB: Record successful boot for GRUB.
[[0;32m  OK  [0m] Started LSB: automatic crash report generation.
[[0;32m  OK  [0m] Started OpenBSD Secure Shell server.
[[0;32m  OK  [0m] Started Authorization Manager.
[[0;32m  OK  [0m] Started Accounts Service.
[[0;32m  OK  [0m] Started LXD - container startup/shutdown.
[[0;32m  OK  [0m] Started Snappy daemon.
         Starting Wait until snapd is fully seeded...
[[0;32m  OK  [0m] Created slice User Slice of vagrant.
[[0;32m  OK  [0m] Started Dispatcher daemon for systemd-networkd.
[[0;32m  OK  [0m] Started vboxadd.service.
[[0;32m  OK  [0m] Started Wait until snapd is fully seeded.
[[0;32m  OK  [0m] Started Session 1 of user vagrant.
         Starting Apply the settings specified in cloud-config...
         Starting vboxadd-service.service...
         Starting User Manager for UID 1000...
[[0;32m  OK  [0m] Started vboxadd-service.service.
[[0;32m  OK  [0m] Reached target Multi-User System.
[[0;32m  OK  [0m] Reached target Graphical Interface.
         Starting Update UTMP about System Runlevel Changes...
[[0;32m  OK  [0m] Started Update UTMP about System Runlevel Changes.
[[0;32m  OK  [0m] Started User Manager for UID 1000.
[   30.559889] cloud-init[961]: Cloud-init v. 19.1-1-gbaa47854-0ubuntu1~18.04.1 running 'modules:config' at Thu, 12 Sep 2019 02:20:34 +0000. Up 30.39 seconds.
[[0;32m  OK  [0m] Started Apply the settings specified in cloud-config.
         Starting Execute cloud user/final scripts...
[   31.488017] cloud-init[1072]: Cloud-init v. 19.1-1-gbaa47854-0ubuntu1~18.04.1 running 'modules:final' at Thu, 12 Sep 2019 02:20:35 +0000. Up 31.32 seconds.
[   31.498194] cloud-init[1072]: Cloud-init v. 19.1-1-gbaa47854-0ubuntu1~18.04.1 finished at Thu, 12 Sep 2019 02:20:35 +0000. Datasource DataSourceNoCloud [seed=/dev/sdb][dsmode=net].  Up 31.47 seconds
[[0;32m  OK  [0m] Started Execute cloud user/final scripts.
[[0;32m  OK  [0m] Reached target Cloud-init target.

Ubuntu 18.04.2 LTS ubuntu-bionic ttyS0

ubuntu-bionic login: 